<?xml version="1.0" encoding="UTF-8"?>
<!-- Generated by org.testng.reporters.JUnitReportReporter -->
<testsuite hostname="DESKTOP-Q82OL9U" failures="0" tests="1" name="SDET_assignment.file_upload" time="9.145" errors="0" timestamp="2024-07-18T23:40:47 IST" skipped="0">
  <testcase classname="SDET_assignment.file_upload" name="TC_1" time="9.145"/>
  <system-out/>
</testsuite> <!-- SDET_assignment.file_upload -->
