<?xml version="1.0" encoding="UTF-8"?>
<!-- Generated by org.testng.reporters.JUnitReportReporter -->
<testsuite hostname="DESKTOP-Q82OL9U" failures="0" tests="1" name="SDET_assignment.drag_and_drop" time="0.720" errors="0" timestamp="2024-07-17T19:46:29 IST" skipped="0">
  <testcase classname="SDET_assignment.drag_and_drop" name="tc1" time="0.720"/>
  <system-out/>
</testsuite> <!-- SDET_assignment.drag_and_drop -->
