<?xml version="1.0" encoding="UTF-8"?>
<!-- Generated by org.testng.reporters.JUnitReportReporter -->
<testsuite hostname="DESKTOP-Q82OL9U" failures="0" tests="1" name="SDET_assignment.instagram" time="3.573" errors="0" timestamp="2024-07-18T23:09:45 IST" skipped="0">
  <testcase classname="SDET_assignment.instagram" name="tc_1" time="3.573"/>
  <system-out/>
</testsuite> <!-- SDET_assignment.instagram -->
